<?xml version="1.0" encoding="UTF-8"?>
<!-- Generated by org.testng.reporters.JUnitXMLReporter -->
<testsuite ignored="0" hostname="DESKTOP-7FRPRKD" failures="0" tests="20" name="Test" time="125.128" errors="0" timestamp="2023-09-21T08:52:49 GST">
  <testcase classname="com.testcases.TestCases" name="FalseLoginTest" time="1.263"/>
  <testcase classname="com.testcases.TestCases" name="customerLoginTest" time="5.731"/>
  <testcase classname="com.testcases.TestCases" name="adminTest" time="5.373"/>
  <testcase classname="com.testcases.TestCases" name="pimTest" time="3.559"/>
  <testcase classname="com.testcases.TestCases" name="leaveTest" time="5.037"/>
  <testcase classname="com.testcases.TestCases" name="timeTest" time="9.927"/>
  <testcase classname="com.testcases.TestCases" name="recruitmentTest" time="6.403"/>
  <testcase classname="com.testcases.TestCases" name="myinfoTest" time="4.953"/>
  <testcase classname="com.testcases.TestCases" name="performanceTest" time="2.211"/>
  <testcase classname="com.testcases.TestCases" name="dashboardTest" time="2.926"/>
  <testcase classname="com.testcases.TestCases" name="directoryTest" time="2.286"/>
  <testcase classname="com.testcases.TestCases" name="claimTest" time="2.941"/>
  <testcase classname="com.testcases.TestCases" name="buzzTest" time="1.839"/>
  <testcase classname="com.testcases.TestCases" name="maintanenceTest" time="10.099"/>
  <testcase classname="com.testcases.TestCases" name="AddEmployee" time="11.677"/>
  <testcase classname="com.testcases.TestCases" name="TimeSheet" time="3.177"/>
  <testcase classname="com.testcases.TestCases" name="AdminSearch" time="10.095"/>
  <testcase classname="com.testcases.TestCases" name="buzz" time="2.915"/>
  <testcase classname="com.testcases.TestCases" name="BuzzNewsFeed" time="2.916"/>
  <testcase classname="com.testcases.TestCases" name="Claim" time="9.162"/>
</testsuite> <!-- Test -->
