<?xml version="1.0" encoding="UTF-8"?>
<!-- Generated by org.testng.reporters.JUnitXMLReporter -->
<testsuite ignored="0" hostname="HAREESH" failures="0" tests="15" name="Test" time="92.137" errors="0" timestamp="2023-10-03T14:46:23 IST">
  <testcase classname="com.testcases.Testcases" name="FalseLoginTest" time="1.988"/>
  <testcase classname="com.testcases.Testcases" name="customerLoginTest" time="5.61"/>
  <testcase classname="com.testcases.Testcases" name="adminTest" time="9.103"/>
  <testcase classname="com.testcases.Testcases" name="pimTest" time="2.279"/>
  <testcase classname="com.testcases.Testcases" name="leaveTest" time="3.53"/>
  <testcase classname="com.testcases.Testcases" name="myinfoTest" time="2.983"/>
  <testcase classname="com.testcases.Testcases" name="recruitmentTest" time="4.833"/>
  <testcase classname="com.testcases.Testcases" name="dashboardTest" time="1.827"/>
  <testcase classname="com.testcases.Testcases" name="performanceTest" time="6.528"/>
  <testcase classname="com.testcases.Testcases" name="buzz" time="3.428"/>
  <testcase classname="com.testcases.Testcases" name="directoryTest" time="1.084"/>
  <testcase classname="com.testcases.Testcases" name="buzzTest" time="1.41"/>
  <testcase classname="com.testcases.Testcases" name="AdminSearch" time="9.848"/>
  <testcase classname="com.testcases.Testcases" name="maintanenceTest" time="3.047"/>
  <testcase classname="com.testcases.Testcases" name="AddEmployee" time="6.426"/>
</testsuite> <!-- Test -->
