<?xml version="1.0" encoding="UTF-8"?>
<!-- Generated by org.testng.reporters.JUnitXMLReporter -->
<testsuite ignored="0" hostname="DESKTOP-PEB1FNE" failures="0" tests="18" name="Test" time="172.292" errors="0" timestamp="2023-09-21T13:58:51 IST">
  <testcase classname="com.testcases.TestCases" name="loginSuccessTestcase" time="5.445"/>
  <testcase classname="com.testcases.TestCases" name="invalidPasswordTestcase" time="3.103"/>
  <testcase classname="com.testcases.TestCases" name="invalidUsernameTestcase" time="2.625"/>
  <testcase classname="com.testcases.TestCases" name="emptyCredentialsTestcase" time="1.533"/>
  <testcase classname="com.testcases.TestCases" name="emptyPasswordTestcase" time="1.375"/>
  <testcase classname="com.testcases.TestCases" name="emptyUsernameTestcase" time="1.386"/>
  <testcase classname="com.testcases.TestCases" name="forgetPasswordTestcase" time="4.237"/>
  <testcase classname="com.testcases.TestCases" name="viewLeaveList" time="33.262"/>
  <testcase classname="com.testcases.TestCases" name="viewProjectInfoTestCase" time="13.348"/>
  <testcase classname="com.testcases.TestCases" name="vacanciesBasedOnHriringmanager" time="18.372"/>
  <testcase classname="com.testcases.TestCases" name="viewPerformanceTrackerTestcase" time="14.016"/>
  <testcase classname="com.testcases.TestCases" name="viewDashboardDetails" time="4.722"/>
  <testcase classname="com.testcases.TestCases" name="searchEmployeeBasedOnJobTitleTestcase" time="11.56"/>
  <testcase classname="com.testcases.TestCases" name="vaccancyFromPurgeRecordsTestcase" time="15.47"/>
  <testcase classname="com.testcases.TestCases" name="employeeClaimsTestcase" time="11.066"/>
  <testcase classname="com.testcases.TestCases" name="buzzNewsfeedTestcase" time="6.153"/>
  <testcase classname="com.testcases.TestCases" name="logoutTestcase" time="4.643"/>
  <testcase classname="com.testcases.TestCases" name="myInfoViewTestcase" time="5.279"/>
</testsuite> <!-- Test -->
