<?xml version="1.0" encoding="UTF-8"?>
<!-- Generated by org.testng.reporters.JUnitXMLReporter -->
<testsuite ignored="19" hostname="HAREESH" failures="0" tests="1" name="Default test" time="27.777" errors="0" timestamp="2023-09-29T14:36:26 IST">
  <testcase classname="com.testcases.Testcases" name="customerLoginTest" time="5.792"/>
  <testcase classname="com.testcases.Testcases" name="myinfoTest" time="0.0">
    <ignored/>
  </testcase> <!-- myinfoTest -->
  <testcase classname="com.testcases.Testcases" name="directoryTest" time="0.0">
    <ignored/>
  </testcase> <!-- directoryTest -->
  <testcase classname="com.testcases.Testcases" name="AdminSearch" time="0.0">
    <ignored/>
  </testcase> <!-- AdminSearch -->
  <testcase classname="com.testcases.Testcases" name="adminTest" time="0.0">
    <ignored/>
  </testcase> <!-- adminTest -->
  <testcase classname="com.testcases.Testcases" name="BuzzNewsFeed" time="0.0">
    <ignored/>
  </testcase> <!-- BuzzNewsFeed -->
  <testcase classname="com.testcases.Testcases" name="TimeSheet" time="0.0">
    <ignored/>
  </testcase> <!-- TimeSheet -->
  <testcase classname="com.testcases.Testcases" name="buzz" time="0.0">
    <ignored/>
  </testcase> <!-- buzz -->
  <testcase classname="com.testcases.Testcases" name="claimTest" time="0.0">
    <ignored/>
  </testcase> <!-- claimTest -->
  <testcase classname="com.testcases.Testcases" name="Claim" time="0.0">
    <ignored/>
  </testcase> <!-- Claim -->
  <testcase classname="com.testcases.Testcases" name="dashboardTest" time="0.0">
    <ignored/>
  </testcase> <!-- dashboardTest -->
  <testcase classname="com.testcases.Testcases" name="maintanenceTest" time="0.0">
    <ignored/>
  </testcase> <!-- maintanenceTest -->
  <testcase classname="com.testcases.Testcases" name="AddEmployee" time="0.0">
    <ignored/>
  </testcase> <!-- AddEmployee -->
  <testcase classname="com.testcases.Testcases" name="pimTest" time="0.0">
    <ignored/>
  </testcase> <!-- pimTest -->
  <testcase classname="com.testcases.Testcases" name="recruitmentTest" time="0.0">
    <ignored/>
  </testcase> <!-- recruitmentTest -->
  <testcase classname="com.testcases.Testcases" name="buzzTest" time="0.0">
    <ignored/>
  </testcase> <!-- buzzTest -->
  <testcase classname="com.testcases.Testcases" name="performanceTest" time="0.0">
    <ignored/>
  </testcase> <!-- performanceTest -->
  <testcase classname="com.testcases.Testcases" name="FalseLoginTest" time="0.0">
    <ignored/>
  </testcase> <!-- FalseLoginTest -->
  <testcase classname="com.testcases.Testcases" name="timeTest" time="0.0">
    <ignored/>
  </testcase> <!-- timeTest -->
  <testcase classname="com.testcases.Testcases" name="leaveTest" time="0.0">
    <ignored/>
  </testcase> <!-- leaveTest -->
</testsuite> <!-- Default test -->
