<?xml version="1.0" encoding="UTF-8"?>
<testng-results ignored="0" total="15" passed="15" failed="0" skipped="0">
  <reporter-output>
  </reporter-output>
  <suite started-at="2023-10-03T14:44:51 IST" name="Suite" finished-at="2023-10-03T14:46:23 IST" duration-ms="92137">
    <groups>
    </groups>
    <test started-at="2023-10-03T14:44:51 IST" name="Test" finished-at="2023-10-03T14:46:23 IST" duration-ms="92137">
      <class name="com.testcases.Testcases">
        <test-method is-config="true" signature="setUp()[pri:0, instance:com.testcases.Testcases@3590fc5b]" started-at="2023-10-03T14:44:51 IST" name="setUp" finished-at="2023-10-03T14:45:18 IST" duration-ms="27760" status="PASS">
          <reporter-output>
          </reporter-output>
        </test-method> <!-- setUp -->
        <test-method signature="FalseLoginTest()[pri:1, instance:com.testcases.Testcases@3590fc5b]" started-at="2023-10-03T14:45:18 IST" name="FalseLoginTest" finished-at="2023-10-03T14:45:20 IST" duration-ms="1988" status="PASS">
          <reporter-output>
          </reporter-output>
        </test-method> <!-- FalseLoginTest -->
        <test-method signature="customerLoginTest()[pri:2, instance:com.testcases.Testcases@3590fc5b]" started-at="2023-10-03T14:45:21 IST" name="customerLoginTest" finished-at="2023-10-03T14:45:26 IST" duration-ms="5610" status="PASS">
          <reporter-output>
          </reporter-output>
        </test-method> <!-- customerLoginTest -->
        <test-method signature="adminTest()[pri:3, instance:com.testcases.Testcases@3590fc5b]" started-at="2023-10-03T14:45:26 IST" name="adminTest" finished-at="2023-10-03T14:45:35 IST" duration-ms="9103" status="PASS">
          <reporter-output>
          </reporter-output>
        </test-method> <!-- adminTest -->
        <test-method signature="pimTest()[pri:4, instance:com.testcases.Testcases@3590fc5b]" started-at="2023-10-03T14:45:35 IST" name="pimTest" finished-at="2023-10-03T14:45:38 IST" duration-ms="2279" status="PASS">
          <reporter-output>
          </reporter-output>
        </test-method> <!-- pimTest -->
        <test-method signature="leaveTest()[pri:5, instance:com.testcases.Testcases@3590fc5b]" started-at="2023-10-03T14:45:38 IST" name="leaveTest" finished-at="2023-10-03T14:45:41 IST" duration-ms="3530" status="PASS">
          <reporter-output>
          </reporter-output>
        </test-method> <!-- leaveTest -->
        <test-method signature="myinfoTest()[pri:6, instance:com.testcases.Testcases@3590fc5b]" started-at="2023-10-03T14:45:41 IST" name="myinfoTest" finished-at="2023-10-03T14:45:44 IST" duration-ms="2983" status="PASS">
          <reporter-output>
          </reporter-output>
        </test-method> <!-- myinfoTest -->
        <test-method signature="recruitmentTest()[pri:7, instance:com.testcases.Testcases@3590fc5b]" started-at="2023-10-03T14:45:44 IST" name="recruitmentTest" finished-at="2023-10-03T14:45:49 IST" duration-ms="4833" status="PASS">
          <reporter-output>
          </reporter-output>
        </test-method> <!-- recruitmentTest -->
        <test-method signature="dashboardTest()[pri:8, instance:com.testcases.Testcases@3590fc5b]" started-at="2023-10-03T14:45:49 IST" name="dashboardTest" finished-at="2023-10-03T14:45:51 IST" duration-ms="1827" status="PASS">
          <reporter-output>
          </reporter-output>
        </test-method> <!-- dashboardTest -->
        <test-method signature="performanceTest()[pri:9, instance:com.testcases.Testcases@3590fc5b]" started-at="2023-10-03T14:45:51 IST" name="performanceTest" finished-at="2023-10-03T14:45:57 IST" duration-ms="6528" status="PASS">
          <reporter-output>
          </reporter-output>
        </test-method> <!-- performanceTest -->
        <test-method signature="buzz()[pri:10, instance:com.testcases.Testcases@3590fc5b]" started-at="2023-10-03T14:45:57 IST" name="buzz" finished-at="2023-10-03T14:46:01 IST" duration-ms="3428" status="PASS">
          <reporter-output>
          </reporter-output>
        </test-method> <!-- buzz -->
        <test-method signature="directoryTest()[pri:11, instance:com.testcases.Testcases@3590fc5b]" started-at="2023-10-03T14:46:01 IST" name="directoryTest" finished-at="2023-10-03T14:46:02 IST" duration-ms="1084" status="PASS">
          <reporter-output>
          </reporter-output>
        </test-method> <!-- directoryTest -->
        <test-method signature="buzzTest()[pri:12, instance:com.testcases.Testcases@3590fc5b]" started-at="2023-10-03T14:46:02 IST" name="buzzTest" finished-at="2023-10-03T14:46:03 IST" duration-ms="1410" status="PASS">
          <reporter-output>
          </reporter-output>
        </test-method> <!-- buzzTest -->
        <test-method signature="AdminSearch()[pri:13, instance:com.testcases.Testcases@3590fc5b]" started-at="2023-10-03T14:46:03 IST" name="AdminSearch" finished-at="2023-10-03T14:46:13 IST" duration-ms="9848" status="PASS">
          <reporter-output>
          </reporter-output>
        </test-method> <!-- AdminSearch -->
        <test-method signature="maintanenceTest()[pri:14, instance:com.testcases.Testcases@3590fc5b]" started-at="2023-10-03T14:46:13 IST" name="maintanenceTest" finished-at="2023-10-03T14:46:16 IST" duration-ms="3047" status="PASS">
          <reporter-output>
          </reporter-output>
        </test-method> <!-- maintanenceTest -->
        <test-method signature="AddEmployee()[pri:15, instance:com.testcases.Testcases@3590fc5b]" started-at="2023-10-03T14:46:16 IST" name="AddEmployee" finished-at="2023-10-03T14:46:23 IST" duration-ms="6426" status="PASS">
          <reporter-output>
          </reporter-output>
        </test-method> <!-- AddEmployee -->
      </class> <!-- com.testcases.Testcases -->
    </test> <!-- Test -->
  </suite> <!-- Suite -->
</testng-results>
